2020/04/30 19:46:58 [error] [php] Trying to get property 'Hello World' of non-object (C:\xampp\htdocs\MyLoginapp\protected\controllers\SiteController.php:111)
Stack trace:
#0 C:\xampp\htdocs\yii\framework\web\actions\CInlineAction.php(47): CInlineAction->runWithParamsInternal()
#1 C:\xampp\htdocs\yii\framework\web\CController.php(308): CInlineAction->runWithParams()
#2 C:\xampp\htdocs\yii\framework\web\CController.php(286): SiteController->runAction()
#3 C:\xampp\htdocs\yii\framework\web\CController.php(265): SiteController->runActionWithFilters()
#4 C:\xampp\htdocs\yii\framework\web\CWebApplication.php(282): SiteController->run()
#5 C:\xampp\htdocs\yii\framework\web\CWebApplication.php(141): CWebApplication->runController()
#6 C:\xampp\htdocs\yii\framework\base\CApplication.php(185): CWebApplication->processRequest()
#7 C:\xampp\htdocs\MyLoginapp\index.php(13): CWebApplication->run()
REQUEST_URI=/Myloginapp/index.php?r=site%2Fsay&message=Hello+World
in C:\xampp\htdocs\MyLoginapp\protected\controllers\SiteController.php (111)
in C:\xampp\htdocs\MyLoginapp\index.php (13)
2020/04/30 19:49:19 [error] [exception.Error] Error: Class 'yii\framework\helpers\Html' not found in C:\xampp\htdocs\MyLoginapp\protected\views\site\Say.php:5
Stack trace:
#0 C:\xampp\htdocs\yii\framework\web\CBaseController.php(126): require()
#1 C:\xampp\htdocs\yii\framework\web\CBaseController.php(95): CBaseController->renderInternal('C:\\xampp\\htdocs...', Array, true)
#2 C:\xampp\htdocs\yii\framework\web\CController.php(872): CBaseController->renderFile('C:\\xampp\\htdocs...', Array, true)
#3 C:\xampp\htdocs\yii\framework\web\CController.php(785): CController->renderPartial('Say', Array, true)
#4 C:\xampp\htdocs\MyLoginapp\protected\controllers\SiteController.php(111): CController->render('Say', Array)
#5 [internal function]: SiteController->actionSay('Hello World')
#6 C:\xampp\htdocs\yii\framework\web\actions\CAction.php(109): ReflectionMethod->invokeArgs(Object(SiteController), Array)
#7 C:\xampp\htdocs\yii\framework\web\actions\CInlineAction.php(47): CAction->runWithParamsInternal(Object(SiteController), Object(ReflectionMethod), Array)
#8 C:\xampp\htdocs\yii\framework\web\CController.php(308): CInlineAction->runWithParams(Array)
#9 C:\xampp\htdocs\yii\framework\web\CController.php(286): CController->runAction(Object(CInlineAction))
#10 C:\xampp\htdocs\yii\framework\web\CController.php(265): CController->runActionWithFilters(Object(CInlineAction), Array)
#11 C:\xampp\htdocs\yii\framework\web\CWebApplication.php(282): CController->run('say')
#12 C:\xampp\htdocs\yii\framework\web\CWebApplication.php(141): CWebApplication->runController('site/say')
#13 C:\xampp\htdocs\yii\framework\base\CApplication.php(185): CWebApplication->processRequest()
#14 C:\xampp\htdocs\MyLoginapp\index.php(13): CApplication->run()
#15 {main}
REQUEST_URI=/Myloginapp/index.php?r=site%2Fsay&message=Hello+World
---
2020/04/30 19:50:04 [error] [exception.ParseError] ParseError: syntax error, unexpected ':', expecting ',' or ';' in C:\xampp\htdocs\MyLoginapp\protected\views\site\Say.php:2
Stack trace:
#0 C:\xampp\htdocs\yii\framework\web\CBaseController.php(95): CBaseController->renderInternal('C:\\xampp\\htdocs...', Array, true)
#1 C:\xampp\htdocs\yii\framework\web\CController.php(872): CBaseController->renderFile('C:\\xampp\\htdocs...', Array, true)
#2 C:\xampp\htdocs\yii\framework\web\CController.php(785): CController->renderPartial('Say', Array, true)
#3 C:\xampp\htdocs\MyLoginapp\protected\controllers\SiteController.php(111): CController->render('Say', Array)
#4 [internal function]: SiteController->actionSay('Hello World')
#5 C:\xampp\htdocs\yii\framework\web\actions\CAction.php(109): ReflectionMethod->invokeArgs(Object(SiteController), Array)
#6 C:\xampp\htdocs\yii\framework\web\actions\CInlineAction.php(47): CAction->runWithParamsInternal(Object(SiteController), Object(ReflectionMethod), Array)
#7 C:\xampp\htdocs\yii\framework\web\CController.php(308): CInlineAction->runWithParams(Array)
#8 C:\xampp\htdocs\yii\framework\web\CController.php(286): CController->runAction(Object(CInlineAction))
#9 C:\xampp\htdocs\yii\framework\web\CController.php(265): CController->runActionWithFilters(Object(CInlineAction), Array)
#10 C:\xampp\htdocs\yii\framework\web\CWebApplication.php(282): CController->run('say')
#11 C:\xampp\htdocs\yii\framework\web\CWebApplication.php(141): CWebApplication->runController('site/say')
#12 C:\xampp\htdocs\yii\framework\base\CApplication.php(185): CWebApplication->processRequest()
#13 C:\xampp\htdocs\MyLoginapp\index.php(13): CApplication->run()
#14 {main}
REQUEST_URI=/Myloginapp/index.php?r=site%2Fsay&message=Hello+World
---
2020/04/30 19:50:05 [error] [exception.ParseError] ParseError: syntax error, unexpected ':', expecting ',' or ';' in C:\xampp\htdocs\MyLoginapp\protected\views\site\Say.php:2
Stack trace:
#0 C:\xampp\htdocs\yii\framework\web\CBaseController.php(95): CBaseController->renderInternal('C:\\xampp\\htdocs...', Array, true)
#1 C:\xampp\htdocs\yii\framework\web\CController.php(872): CBaseController->renderFile('C:\\xampp\\htdocs...', Array, true)
#2 C:\xampp\htdocs\yii\framework\web\CController.php(785): CController->renderPartial('Say', Array, true)
#3 C:\xampp\htdocs\MyLoginapp\protected\controllers\SiteController.php(111): CController->render('Say', Array)
#4 [internal function]: SiteController->actionSay('Hello World')
#5 C:\xampp\htdocs\yii\framework\web\actions\CAction.php(109): ReflectionMethod->invokeArgs(Object(SiteController), Array)
#6 C:\xampp\htdocs\yii\framework\web\actions\CInlineAction.php(47): CAction->runWithParamsInternal(Object(SiteController), Object(ReflectionMethod), Array)
#7 C:\xampp\htdocs\yii\framework\web\CController.php(308): CInlineAction->runWithParams(Array)
#8 C:\xampp\htdocs\yii\framework\web\CController.php(286): CController->runAction(Object(CInlineAction))
#9 C:\xampp\htdocs\yii\framework\web\CController.php(265): CController->runActionWithFilters(Object(CInlineAction), Array)
#10 C:\xampp\htdocs\yii\framework\web\CWebApplication.php(282): CController->run('say')
#11 C:\xampp\htdocs\yii\framework\web\CWebApplication.php(141): CWebApplication->runController('site/say')
#12 C:\xampp\htdocs\yii\framework\base\CApplication.php(185): CWebApplication->processRequest()
#13 C:\xampp\htdocs\MyLoginapp\index.php(13): CApplication->run()
#14 {main}
REQUEST_URI=/Myloginapp/index.php?r=site%2Fsay&message=Hello+World
---
2020/04/30 19:51:50 [error] [exception.Error] Error: Class 'yii\helpers\Html' not found in C:\xampp\htdocs\MyLoginapp\protected\views\site\Say.php:5
Stack trace:
#0 C:\xampp\htdocs\yii\framework\web\CBaseController.php(126): require()
#1 C:\xampp\htdocs\yii\framework\web\CBaseController.php(95): CBaseController->renderInternal('C:\\xampp\\htdocs...', Array, true)
#2 C:\xampp\htdocs\yii\framework\web\CController.php(872): CBaseController->renderFile('C:\\xampp\\htdocs...', Array, true)
#3 C:\xampp\htdocs\yii\framework\web\CController.php(785): CController->renderPartial('Say', Array, true)
#4 C:\xampp\htdocs\MyLoginapp\protected\controllers\SiteController.php(111): CController->render('Say', Array)
#5 [internal function]: SiteController->actionSay('Hello World')
#6 C:\xampp\htdocs\yii\framework\web\actions\CAction.php(109): ReflectionMethod->invokeArgs(Object(SiteController), Array)
#7 C:\xampp\htdocs\yii\framework\web\actions\CInlineAction.php(47): CAction->runWithParamsInternal(Object(SiteController), Object(ReflectionMethod), Array)
#8 C:\xampp\htdocs\yii\framework\web\CController.php(308): CInlineAction->runWithParams(Array)
#9 C:\xampp\htdocs\yii\framework\web\CController.php(286): CController->runAction(Object(CInlineAction))
#10 C:\xampp\htdocs\yii\framework\web\CController.php(265): CController->runActionWithFilters(Object(CInlineAction), Array)
#11 C:\xampp\htdocs\yii\framework\web\CWebApplication.php(282): CController->run('say')
#12 C:\xampp\htdocs\yii\framework\web\CWebApplication.php(141): CWebApplication->runController('site/say')
#13 C:\xampp\htdocs\yii\framework\base\CApplication.php(185): CWebApplication->processRequest()
#14 C:\xampp\htdocs\MyLoginapp\index.php(13): CApplication->run()
#15 {main}
REQUEST_URI=/Myloginapp/index.php?r=site%2Fsay&message=Hello+World
---
2020/04/30 19:52:37 [error] [php] The use statement with non-compound name 'Yii' has no effect (C:\xampp\htdocs\MyLoginapp\protected\views\site\Say.php:2)
Stack trace:
#0 C:\xampp\htdocs\yii\framework\web\CController.php(872): SiteController->renderFile()
#1 C:\xampp\htdocs\yii\framework\web\CController.php(785): SiteController->renderPartial()
#2 C:\xampp\htdocs\MyLoginapp\protected\controllers\SiteController.php(111): SiteController->render()
#3 unknown(0): SiteController->actionSay()
#4 C:\xampp\htdocs\yii\framework\web\actions\CAction.php(109): ReflectionMethod->invokeArgs()
#5 C:\xampp\htdocs\yii\framework\web\actions\CInlineAction.php(47): CInlineAction->runWithParamsInternal()
#6 C:\xampp\htdocs\yii\framework\web\CController.php(308): CInlineAction->runWithParams()
#7 C:\xampp\htdocs\yii\framework\web\CController.php(286): SiteController->runAction()
#8 C:\xampp\htdocs\yii\framework\web\CController.php(265): SiteController->runActionWithFilters()
#9 C:\xampp\htdocs\yii\framework\web\CWebApplication.php(282): SiteController->run()
#10 C:\xampp\htdocs\yii\framework\web\CWebApplication.php(141): CWebApplication->runController()
#11 C:\xampp\htdocs\yii\framework\base\CApplication.php(185): CWebApplication->processRequest()
#12 C:\xampp\htdocs\MyLoginapp\index.php(13): CWebApplication->run()
REQUEST_URI=/Myloginapp/index.php?r=site%2Fsay&message=Hello+World
in C:\xampp\htdocs\MyLoginapp\protected\controllers\SiteController.php (111)
in C:\xampp\htdocs\MyLoginapp\index.php (13)
2020/04/30 19:53:06 [error] [exception.Error] Error: Class 'yii\helpers\Html' not found in C:\xampp\htdocs\MyLoginapp\protected\views\site\Say.php:5
Stack trace:
#0 C:\xampp\htdocs\yii\framework\web\CBaseController.php(126): require()
#1 C:\xampp\htdocs\yii\framework\web\CBaseController.php(95): CBaseController->renderInternal('C:\\xampp\\htdocs...', Array, true)
#2 C:\xampp\htdocs\yii\framework\web\CController.php(872): CBaseController->renderFile('C:\\xampp\\htdocs...', Array, true)
#3 C:\xampp\htdocs\yii\framework\web\CController.php(785): CController->renderPartial('Say', Array, true)
#4 C:\xampp\htdocs\MyLoginapp\protected\controllers\SiteController.php(111): CController->render('Say', Array)
#5 [internal function]: SiteController->actionSay('Hello World')
#6 C:\xampp\htdocs\yii\framework\web\actions\CAction.php(109): ReflectionMethod->invokeArgs(Object(SiteController), Array)
#7 C:\xampp\htdocs\yii\framework\web\actions\CInlineAction.php(47): CAction->runWithParamsInternal(Object(SiteController), Object(ReflectionMethod), Array)
#8 C:\xampp\htdocs\yii\framework\web\CController.php(308): CInlineAction->runWithParams(Array)
#9 C:\xampp\htdocs\yii\framework\web\CController.php(286): CController->runAction(Object(CInlineAction))
#10 C:\xampp\htdocs\yii\framework\web\CController.php(265): CController->runActionWithFilters(Object(CInlineAction), Array)
#11 C:\xampp\htdocs\yii\framework\web\CWebApplication.php(282): CController->run('say')
#12 C:\xampp\htdocs\yii\framework\web\CWebApplication.php(141): CWebApplication->runController('site/say')
#13 C:\xampp\htdocs\yii\framework\base\CApplication.php(185): CWebApplication->processRequest()
#14 C:\xampp\htdocs\MyLoginapp\index.php(13): CApplication->run()
#15 {main}
REQUEST_URI=/Myloginapp/index.php?r=site%2Fsay&message=Hello+World
---
